#! /usr/local/bin/vvp
:ivl_version "0.9.7 " "(v0_9_7)";
:vpi_time_precision + 0;
:vpi_module "system";
:vpi_module "v2005_math";
:vpi_module "va_math";
S_0x1681fd0 .scope module, "comp2" "comp2" 2 69;
 .timescale 0 0;
v0x169a420_0 .net "a", 31 0, C4<zzzzzzzzzzzzzzzzzzzzzzzzzzzzzzzz>; 0 drivers
v0x16b5bb0_0 .net "b", 31 0, C4<zzzzzzzzzzzzzzzzzzzzzzzzzzzzzzzz>; 0 drivers
v0x16b5c50_0 .var "isEq", 0 0;
E_0x169dfa0 .event edge, v0x169a420_0, v0x16b5bb0_0;
S_0x1681d60 .scope module, "muj_obvod" "muj_obvod" 3 1;
 .timescale 0 0;
L_0x16b7e30 .functor OR 1, C4<z>, C4<z>, C4<0>, C4<0>;
L_0x16b7f10 .functor NOT 1, L_0x16b7e30, C4<0>, C4<0>, C4<0>;
L_0x16b7ff0 .functor AND 1, C4<z>, C4<z>, C4<1>, C4<1>;
L_0x16b80a0 .functor OR 1, L_0x16b7f10, L_0x16b7ff0, C4<0>, C4<0>;
L_0x16b81d0 .functor AND 1, C4<z>, C4<z>, C4<1>, C4<1>;
L_0x16b8280 .functor XOR 1, L_0x16b81d0, C4<z>, C4<0>, C4<0>;
v0x16b5cf0_0 .net *"_s0", 0 0, L_0x16b7e30; 1 drivers
v0x16b5db0_0 .net *"_s2", 0 0, L_0x16b7f10; 1 drivers
v0x16b5e50_0 .net *"_s4", 0 0, L_0x16b7ff0; 1 drivers
v0x16b5ef0_0 .net *"_s8", 0 0, L_0x16b81d0; 1 drivers
v0x16b5fa0_0 .net "a", 0 0, C4<z>; 0 drivers
v0x16b6040_0 .net "b", 0 0, C4<z>; 0 drivers
v0x16b6120_0 .net "c", 0 0, C4<z>; 0 drivers
v0x16b61c0_0 .net "d", 0 0, L_0x16b80a0; 1 drivers
v0x16b62b0_0 .net "e", 0 0, L_0x16b8280; 1 drivers
S_0x16833f0 .scope module, "multAx4" "multAx4" 2 54;
 .timescale 0 0;
v0x16b6390_0 .net "a", 31 0, C4<zzzzzzzzzzzzzzzzzzzzzzzzzzzzzzzz>; 0 drivers
v0x16b6450_0 .var "e", 31 0;
v0x16b64f0_0 .var "isZero", 0 0;
E_0x16b5f70 .event edge, v0x16b6390_0, v0x16b6450_0;
S_0x16839f0 .scope module, "mux2" "mux2" 2 10;
 .timescale 0 0;
v0x16b6600_0 .net "a", 31 0, C4<zzzzzzzzzzzzzzzzzzzzzzzzzzzzzzzz>; 0 drivers
v0x16b66c0_0 .net "b", 31 0, C4<zzzzzzzzzzzzzzzzzzzzzzzzzzzzzzzz>; 0 drivers
v0x16b6760_0 .var "e", 31 0;
v0x16b6800_0 .net "x", 0 0, C4<z>; 0 drivers
E_0x16b6590 .event edge, v0x16b6800_0, v0x16b6600_0, v0x16b66c0_0;
S_0x166d160 .scope module, "mux3" "mux3" 2 22;
 .timescale 0 0;
v0x16b6930_0 .net "a", 31 0, C4<zzzzzzzzzzzzzzzzzzzzzzzzzzzzzzzz>; 0 drivers
v0x16b69f0_0 .net "b", 31 0, C4<zzzzzzzzzzzzzzzzzzzzzzzzzzzzzzzz>; 0 drivers
v0x16b6a90_0 .net "c", 31 0, C4<zzzzzzzzzzzzzzzzzzzzzzzzzzzzzzzz>; 0 drivers
v0x16b6b30_0 .var "e", 31 0;
v0x16b6be0_0 .net "x", 1 0, C4<zz>; 0 drivers
E_0x16b68b0 .event edge, v0x16b6be0_0, v0x16b6930_0, v0x16b69f0_0, v0x16b6a90_0;
S_0x1681ac0 .scope module, "muxCv" "muxCv" 2 1;
 .timescale 0 0;
v0x16b6d00_0 .net "a", 0 0, C4<z>; 0 drivers
v0x16b6dc0_0 .net "b", 0 0, C4<z>; 0 drivers
v0x16b6e60_0 .net "c", 0 0, C4<z>; 0 drivers
v0x16b6f00_0 .net "d", 0 0, C4<z>; 0 drivers
v0x16b6fb0_0 .var "e", 0 0;
E_0x16b6c80 .event edge, v0x16b6f00_0, v0x16b6e60_0, v0x16b6dc0_0, v0x16b6d00_0;
S_0x1681bb0 .scope module, "register32" "register32" 2 89;
 .timescale 0 0;
v0x16b70c0_0 .net "a", 31 0, C4<zzzzzzzzzzzzzzzzzzzzzzzzzzzzzzzz>; 0 drivers
v0x16b7180_0 .net "clk", 0 0, C4<z>; 0 drivers
v0x16b7220_0 .var "e", 31 0;
v0x16b72c0_0 .net "en", 0 0, C4<z>; 0 drivers
v0x16b7370_0 .net "rs", 0 0, C4<z>; 0 drivers
E_0x16b7050 .event edge, v0x16b7180_0;
S_0x169b5c0 .scope module, "signExt16t32" "signExt16t32" 2 80;
 .timescale 0 0;
v0x16b7480_0 .net "a", 15 0, C4<zzzzzzzzzzzzzzzz>; 0 drivers
v0x16b7540_0 .var "e", 31 0;
E_0x16b7410 .event edge, v0x16b7480_0;
S_0x169b700 .scope module, "sum32" "sum32" 2 34;
 .timescale 0 0;
v0x16b7650_0 .net "a", 31 0, C4<zzzzzzzzzzzzzzzzzzzzzzzzzzzzzzzz>; 0 drivers
v0x16b7710_0 .net "b", 31 0, C4<zzzzzzzzzzzzzzzzzzzzzzzzzzzzzzzz>; 0 drivers
v0x16b77b0_0 .var "e", 31 0;
v0x16b7850_0 .var "isZero", 0 0;
v0x16b7900_0 .var "overflow", 0 0;
E_0x16b75e0 .event edge, v0x16b7650_0, v0x16b7710_0, v0x16b77b0_0;
S_0x169a330 .scope module, "test" "test" 4 1;
 .timescale 0 0;
v0x16b79a0_0 .var "clk", 0 0;
v0x16b7a60_0 .var "d", 31 0;
v0x16b7b00_0 .var "en", 0 0;
v0x16b7ba0_0 .var "i1", 4 0;
v0x16b7c50_0 .var "i2", 4 0;
v0x16b7cf0_0 .var "i3", 4 0;
v0x16b7d90_0 .var "rs", 0 0;
    .scope S_0x1681fd0;
T_0 ;
    %wait E_0x169dfa0;
    %load/v 8, v0x169a420_0, 32;
    %load/v 40, v0x16b5bb0_0, 32;
    %cmp/u 8, 40, 32;
    %jmp/0xz  T_0.0, 4;
    %set/v v0x16b5c50_0, 1, 1;
    %jmp T_0.1;
T_0.0 ;
    %set/v v0x16b5c50_0, 0, 1;
T_0.1 ;
    %jmp T_0;
    .thread T_0, $push;
    .scope S_0x16833f0;
T_1 ;
    %wait E_0x16b5f70;
    %load/v 8, v0x16b6390_0, 32;
    %muli 8, 4, 32;
    %set/v v0x16b6450_0, 8, 32;
    %load/v 8, v0x16b6450_0, 32;
    %cmpi/u 8, 0, 32;
    %jmp/0xz  T_1.0, 4;
    %set/v v0x16b64f0_0, 1, 1;
    %jmp T_1.1;
T_1.0 ;
    %set/v v0x16b64f0_0, 0, 1;
T_1.1 ;
    %jmp T_1;
    .thread T_1, $push;
    .scope S_0x16839f0;
T_2 ;
    %wait E_0x16b6590;
    %load/v 8, v0x16b6800_0, 1;
    %cmpi/u 8, 0, 1;
    %jmp/1 T_2.0, 6;
    %cmpi/u 8, 1, 1;
    %jmp/1 T_2.1, 6;
    %set/v v0x16b6760_0, 3, 32;
    %jmp T_2.3;
T_2.0 ;
    %load/v 8, v0x16b6600_0, 32;
    %set/v v0x16b6760_0, 8, 32;
    %jmp T_2.3;
T_2.1 ;
    %load/v 8, v0x16b66c0_0, 32;
    %set/v v0x16b6760_0, 8, 32;
    %jmp T_2.3;
T_2.3 ;
    %jmp T_2;
    .thread T_2, $push;
    .scope S_0x166d160;
T_3 ;
    %wait E_0x16b68b0;
    %load/v 8, v0x16b6be0_0, 2;
    %cmpi/u 8, 0, 2;
    %jmp/1 T_3.0, 6;
    %cmpi/u 8, 1, 2;
    %jmp/1 T_3.1, 6;
    %cmpi/u 8, 2, 2;
    %jmp/1 T_3.2, 6;
    %set/v v0x16b6b30_0, 3, 32;
    %jmp T_3.4;
T_3.0 ;
    %load/v 8, v0x16b6930_0, 32;
    %set/v v0x16b6b30_0, 8, 32;
    %jmp T_3.4;
T_3.1 ;
    %load/v 8, v0x16b69f0_0, 32;
    %set/v v0x16b6b30_0, 8, 32;
    %jmp T_3.4;
T_3.2 ;
    %load/v 8, v0x16b6a90_0, 32;
    %set/v v0x16b6b30_0, 8, 32;
    %jmp T_3.4;
T_3.4 ;
    %jmp T_3;
    .thread T_3, $push;
    .scope S_0x1681ac0;
T_4 ;
    %wait E_0x16b6c80;
    %load/v 8, v0x16b6d00_0, 1;
    %jmp/0xz  T_4.0, 8;
    %load/v 8, v0x16b6dc0_0, 1;
    %load/v 9, v0x16b6e60_0, 1;
    %and 8, 9, 1;
    %set/v v0x16b6fb0_0, 8, 1;
    %jmp T_4.1;
T_4.0 ;
    %load/v 8, v0x16b6dc0_0, 1;
    %load/v 9, v0x16b6f00_0, 1;
    %xor 8, 9, 1;
    %load/v 9, v0x16b6e60_0, 1;
    %or 8, 9, 1;
    %set/v v0x16b6fb0_0, 8, 1;
T_4.1 ;
    %jmp T_4;
    .thread T_4, $push;
    .scope S_0x1681bb0;
T_5 ;
    %wait E_0x16b7050;
    %load/v 8, v0x16b7180_0, 1;
    %mov 9, 0, 2;
    %cmpi/u 8, 1, 3;
    %mov 8, 4, 1;
    %load/v 9, v0x16b72c0_0, 1;
    %mov 10, 0, 2;
    %cmpi/u 9, 1, 3;
    %mov 9, 4, 1;
    %and 8, 9, 1;
    %load/v 9, v0x16b70c0_0, 32;
    %cmp/u 9, 3, 32;
    %inv 4, 1;
    %mov 9, 4, 1;
    %and 8, 9, 1;
    %jmp/0xz  T_5.0, 8;
    %load/v 8, v0x16b70c0_0, 32;
    %set/v v0x16b7220_0, 8, 32;
T_5.0 ;
    %load/v 8, v0x16b7180_0, 1;
    %mov 9, 0, 2;
    %cmpi/u 8, 1, 3;
    %mov 8, 4, 1;
    %load/v 9, v0x16b7370_0, 1;
    %mov 10, 0, 2;
    %cmpi/u 9, 1, 3;
    %mov 9, 4, 1;
    %and 8, 9, 1;
    %load/v 9, v0x16b72c0_0, 1;
    %mov 10, 0, 2;
    %cmpi/u 9, 1, 3;
    %mov 9, 4, 1;
    %and 8, 9, 1;
    %jmp/0xz  T_5.2, 8;
    %set/v v0x16b7220_0, 0, 32;
T_5.2 ;
    %jmp T_5;
    .thread T_5, $push;
    .scope S_0x169b5c0;
T_6 ;
    %wait E_0x16b7410;
    %ix/load 1, 15, 0;
    %mov 4, 0, 1;
    %jmp/1 T_6.0, 4;
    %load/x1p 11, v0x16b7480_0, 1;
    %jmp T_6.1;
T_6.0 ;
    %mov 11, 2, 1;
T_6.1 ;
    %mov 8, 11, 1; Move signal select into place
    %mov 9, 0, 2;
    %cmpi/u 8, 1, 3;
    %jmp/0xz  T_6.2, 4;
    %load/v 8, v0x16b7480_0, 15; Select 15 out of 16 bits
    %movi 40, 255, 16;
    %mov 23, 40, 16;
    %ix/load 1, 15, 0;
    %mov 4, 0, 1;
    %jmp/1 T_6.4, 4;
    %load/x1p 56, v0x16b7480_0, 1;
    %jmp T_6.5;
T_6.4 ;
    %mov 56, 2, 1;
T_6.5 ;
    %mov 39, 56, 1; Move signal select into place
    %set/v v0x16b7540_0, 8, 32;
    %jmp T_6.3;
T_6.2 ;
    %load/v 8, v0x16b7480_0, 15; Select 15 out of 16 bits
    %mov 23, 0, 16;
    %ix/load 1, 15, 0;
    %mov 4, 0, 1;
    %jmp/1 T_6.6, 4;
    %load/x1p 40, v0x16b7480_0, 1;
    %jmp T_6.7;
T_6.6 ;
    %mov 40, 2, 1;
T_6.7 ;
    %mov 39, 40, 1; Move signal select into place
    %set/v v0x16b7540_0, 8, 32;
T_6.3 ;
    %jmp T_6;
    .thread T_6, $push;
    .scope S_0x169b700;
T_7 ;
    %wait E_0x16b75e0;
    %load/v 8, v0x16b7650_0, 32;
    %load/v 40, v0x16b7710_0, 32;
    %add 8, 40, 32;
    %set/v v0x16b77b0_0, 8, 32;
    %load/v 8, v0x16b77b0_0, 32;
    %load/v 40, v0x16b7650_0, 32;
    %cmp/u 8, 40, 32;
    %mov 8, 5, 1;
    %load/v 9, v0x16b77b0_0, 32;
    %load/v 41, v0x16b7710_0, 32;
    %cmp/u 9, 41, 32;
    %mov 9, 5, 1;
    %and 8, 9, 1;
    %jmp/0xz  T_7.0, 8;
    %set/v v0x16b7900_0, 1, 1;
    %jmp T_7.1;
T_7.0 ;
    %set/v v0x16b7900_0, 0, 1;
T_7.1 ;
    %load/v 8, v0x16b77b0_0, 32;
    %cmpi/u 8, 0, 32;
    %jmp/0xz  T_7.2, 4;
    %set/v v0x16b7850_0, 1, 1;
    %jmp T_7.3;
T_7.2 ;
    %set/v v0x16b7850_0, 0, 1;
T_7.3 ;
    %jmp T_7;
    .thread T_7, $push;
    .scope S_0x169a330;
T_8 ;
    %vpi_call 4 10 "$dumpfile", "test";
    %vpi_call 4 11 "$dumpvars";
    %set/v v0x16b7a60_0, 1, 32;
    %set/v v0x16b7ba0_0, 0, 5;
    %movi 8, 1, 5;
    %set/v v0x16b7c50_0, 8, 5;
    %movi 8, 3, 5;
    %set/v v0x16b7cf0_0, 8, 5;
    %set/v v0x16b79a0_0, 0, 1;
    %set/v v0x16b7b00_0, 1, 1;
    %set/v v0x16b7d90_0, 0, 1;
    %delay 320, 0;
    %vpi_call 4 19 "$finish";
    %end;
    .thread T_8;
    .scope S_0x169a330;
T_9 ;
    %delay 20, 0;
    %load/v 8, v0x16b79a0_0, 1;
    %mov 9, 0, 31;
    %addi 8, 1, 32;
    %set/v v0x16b79a0_0, 8, 1;
    %jmp T_9;
    .thread T_9;
# The file index is used to find the file name in the following table.
:file_names 5;
    "N/A";
    "<interactive>";
    "muxCv.v";
    "temp.v";
    "tb.v";
